d:\work\国睿一期代码\mybasedll\mybasedll\x64\debug\mybasedll.pch
d:\work\国睿一期代码\mybasedll\mybasedll\x64\debug\stdafx.obj
d:\work\国睿一期代码\mybasedll\mybasedll\x64\debug\vc90.pdb
d:\work\国睿一期代码\mybasedll\mybasedll\x64\debug\inifile.obj
d:\work\国睿一期代码\mybasedll\mybasedll\x64\debug\mybaserblist.obj
d:\work\国睿一期代码\mybasedll\mybasedll\x64\debug\mybaseutils.obj
d:\work\国睿一期代码\mybasedll\mybasedll\x64\debug\mybaseutilsdict.obj
d:\work\国睿一期代码\mybasedll\mybasedll\x64\debug\mybaseutilssymtbl.obj
d:\work\国睿一期代码\mybasedll\mybasedll\x64\debug\mybasexdata.obj
d:\work\国睿一期代码\mybasedll\mybasedll\x64\debug\mydrag.obj
d:\work\国睿一期代码\mybasedll\mybasedll\x64\debug\mydrawentity.obj
d:\work\国睿一期代码\mybasedll\mybasedll\x64\debug\myeditentity.obj
d:\work\国睿一期代码\mybasedll\mybasedll\x64\debug\mylayout.obj
d:\work\国睿一期代码\mybasedll\mybasedll\x64\debug\myoperatefile.obj
d:\work\国睿一期代码\mybasedll\mybasedll\x64\debug\myparserstring.obj
d:\work\国睿一期代码\mybasedll\mybasedll\x64\debug\mysymble.obj
d:\work\国睿一期代码\mybasedll\mybasedll\x64\debug\mytransfunc.obj
d:\work\国睿一期代码\mybasedll\mybasedll\x64\debug\operatereg.obj
d:\work\国睿一期代码\mybasedll\mybasedll\x64\debug\writelog.obj
d:\work\国睿一期代码\mybasedll\mybasedll\x64\debug\graphblockviewwnd.obj
d:\work\国睿一期代码\mybasedll\mybasedll\x64\debug\graphlistctrl.obj
d:\work\国睿一期代码\mybasedll\mybasedll\x64\debug\graphtitletip.obj
d:\work\国睿一期代码\mybasedll\mybasedll\x64\debug\gsmpctrl.obj
d:\work\国睿一期代码\mybasedll\mybasedll\x64\debug\acrxentrypoint.obj
d:\work\国睿一期代码\mybasedll\mybasedll\x64\debug\docdata.obj
d:\work\国睿一期代码\mybasedll\mybasedll\x64\debug\mybasedll.obj
d:\work\国睿一期代码\mybasedll\mybasedll\x64\debug\acadstr.obj
d:\work\国睿一期代码\mybasedll\mybasedll\x64\debug\arxdbgreferencefiler.obj
d:\work\国睿一期代码\mybasedll\mybasedll\x64\debug\arxdbgutilsdb.obj
d:\work\国睿一期代码\mybasedll\mybasedll\x64\debug\global.obj
d:\work\国睿一期代码\zwrqy_acad\mybasedll.ilk
d:\work\国睿一期代码\zwrqy_acad\mybasedll.dll
d:\work\国睿一期代码\mybasedll\mybasedll\x64\debug\mybasedll.dll.intermediate.manifest
d:\work\国睿一期代码\mybasedll\x64\debug\mybasedll.pdb
d:\work\国睿一期代码\mybasedll\mybasedll\x64\debug\mybasedll.dll.embed.manifest
d:\work\国睿一期代码\zwrqy_acad\mybasedll.lib
d:\work\国睿一期代码\zwrqy_acad\mybasedll.exp
d:\work\国睿一期代码\mybasedll\mybasedll\x64\debug\mybasedll.res
d:\work\国睿一期代码\mybasedll\mybasedll\x64\debug\mybasedll.dll.embed.manifest.res
d:\work\国睿一期代码\mybasedll\mybasedll\x64\debug\cl.command.1.tlog
d:\work\国睿一期代码\mybasedll\mybasedll\x64\debug\cl.read.1.tlog
d:\work\国睿一期代码\mybasedll\mybasedll\x64\debug\cl.write.1.tlog
d:\work\国睿一期代码\mybasedll\mybasedll\x64\debug\link-cvtres.read.1.tlog
d:\work\国睿一期代码\mybasedll\mybasedll\x64\debug\link-cvtres.write.1.tlog
d:\work\国睿一期代码\mybasedll\mybasedll\x64\debug\link.13256-cvtres.read.1.tlog
d:\work\国睿一期代码\mybasedll\mybasedll\x64\debug\link.13256-cvtres.write.1.tlog
d:\work\国睿一期代码\mybasedll\mybasedll\x64\debug\link.13256.read.1.tlog
d:\work\国睿一期代码\mybasedll\mybasedll\x64\debug\link.13256.write.1.tlog
d:\work\国睿一期代码\mybasedll\mybasedll\x64\debug\link.command.1.tlog
d:\work\国睿一期代码\mybasedll\mybasedll\x64\debug\link.read.1.tlog
d:\work\国睿一期代码\mybasedll\mybasedll\x64\debug\link.write.1.tlog
d:\work\国睿一期代码\mybasedll\mybasedll\x64\debug\mt.command.1.tlog
d:\work\国睿一期代码\mybasedll\mybasedll\x64\debug\mt.read.1.tlog
d:\work\国睿一期代码\mybasedll\mybasedll\x64\debug\mt.write.1.tlog
d:\work\国睿一期代码\mybasedll\mybasedll\x64\debug\mybasedll.write.1.tlog
d:\work\国睿一期代码\mybasedll\mybasedll\x64\debug\rc.command.1.tlog
d:\work\国睿一期代码\mybasedll\mybasedll\x64\debug\rc.read.1.tlog
d:\work\国睿一期代码\mybasedll\mybasedll\x64\debug\rc.write.1.tlog
d:\work\国睿一期代码\mybasedll\mybasedll\x64\debug\vc90.idb
d:\work\国睿一期代码\mybasedll\mybasedll\x64\debug\mybasedll_manifest.rc
